  Source.cpp
c:\users\ksusha\source\repos\ti_4\ti_4\source.cpp(129): warning C4244: 'argument': conversion from 'time_t' to 'unsigned int', possible loss of data
c:\users\ksusha\source\repos\ti_4\ti_4\source.cpp(172): warning C4244: 'return': conversion from '__int64' to 'int', possible loss of data
c:\users\ksusha\source\repos\ti_4\ti_4\source.cpp(182): warning C4018: '<': signed/unsigned mismatch
c:\users\ksusha\source\repos\ti_4\ti_4\source.cpp(185): warning C4244: 'argument': conversion from '__int64' to 'const _Ty', possible loss of data
          with
          [
              _Ty=int
          ]
c:\users\ksusha\source\repos\ti_4\ti_4\source.cpp(190): warning C4101: 'ex': unreferenced local variable
c:\users\ksusha\source\repos\ti_4\ti_4\source.cpp(199): warning C4018: '<': signed/unsigned mismatch
c:\users\ksusha\source\repos\ti_4\ti_4\source.cpp(215): warning C4018: '<': signed/unsigned mismatch
c:\users\ksusha\source\repos\ti_4\ti_4\source.cpp(234): warning C4018: '<': signed/unsigned mismatch
c:\users\ksusha\source\repos\ti_4\ti_4\source.cpp(248): warning C4018: '<': signed/unsigned mismatch
c:\users\ksusha\source\repos\ti_4\ti_4\source.cpp(263): warning C4018: '<': signed/unsigned mismatch
c:\users\ksusha\source\repos\ti_4\ti_4\source.cpp(330): warning C4101: 'c': unreferenced local variable
c:\users\ksusha\source\repos\ti_4\ti_4\source.cpp(478): warning C4101: 'hdc': unreferenced local variable
c:\users\ksusha\source\repos\ti_4\ti_4\source.cpp(477): warning C4101: 'ps': unreferenced local variable
c:\users\ksusha\source\repos\ti_4\ti_4\source.cpp(601): warning C4101: 'k': unreferenced local variable
c:\users\ksusha\source\repos\ti_4\ti_4\source.cpp(601): warning C4101: 'y': unreferenced local variable
c:\users\ksusha\source\repos\ti_4\ti_4\source.cpp(601): warning C4101: 'x': unreferenced local variable
c:\users\ksusha\source\repos\ti_4\ti_4\source.cpp(601): warning C4101: 'g': unreferenced local variable
c:\users\ksusha\source\repos\ti_4\ti_4\source.cpp(642): warning C4101: 'k': unreferenced local variable
c:\users\ksusha\source\repos\ti_4\ti_4\source.cpp(642): warning C4101: 'y': unreferenced local variable
c:\users\ksusha\source\repos\ti_4\ti_4\source.cpp(642): warning C4101: 'x': unreferenced local variable
c:\users\ksusha\source\repos\ti_4\ti_4\source.cpp(642): warning C4101: 'g': unreferenced local variable
c:\users\ksusha\source\repos\ti_4\ti_4\source.cpp(642): warning C4101: 'd': unreferenced local variable
  TI_4.vcxproj -> C:\Users\Ksusha\Source\Repos\TI_4\Debug\TI_4.exe
